Redirect request for code: favicon.ico
Created short URL for: https://www.youtube.com/watch?v=dQw4w9WgXcQ
Redirect request for code: ELDXUM
Redirect request for code: favicon.ico
Error creating short URL: table urls has no column named user_token
Error creating short URL: table urls has no column named user_token
Error creating short URL: table urls has no column named user_token
Redirect request for code: favicon.ico
Error creating short URL: table urls has no column named user_token
Created short URL for user test_user_123: www.google.com
Redirect request for code: EjyJ6m
Redirect request for code: www.google.com
Redirect request for code: favicon.ico
Redirect request for code: EjyJ6m
Redirect request for code: www.google.com
Created short URL for user test_user_123: google.com
Redirect request for code: s8BLcE
Redirect request for code: google.com
Created short URL for user test_user_123: https://www.google.com/
Redirect request for code: R56O7l
Created short URL for user test_user_123: https://www.google.com/
Created short URL for user test_user_123: https://www.google.com/
Created short URL for user test_user_123: https://www.google.com/
Created short URL for user test_user_123: https://www.google.com/
Created short URL for user test_user_123: https://www.google.com/
Created short URL for user test_user_123: https://www.google.com/
Created short URL for user test_user_123: https://www.google.com/
Created short URL for user test_user_123: https://www.google.com/
Created short URL for user test_user_123: https://www.google.com/
Created short URL for user test_user_123: https://www.google.com/
Created short URL for user test_user_123: https://www.google.com/
Created short URL for user test_user_123: https://www.google.com/
Created short URL for user test_user_123: https://www.google.com/
Created short URL for user test_user_123: https://www.google.com/
Created short URL for user test_user_123: https://www.google.com/
Redirect request for code: kS0Vav
Created short URL for user test_user_123: https://www.google.com
Redirect request for code: yuTI01
Created short URL for user test_user_123: https://google.com
Redirect request for code: o7e66T
Created short URL for user test_user_123: https://google.com
Redirect request for code: zqjioQ
